
#107:/home/adarsh/Documents/cpp_programs/SOKCET_PROG/src/func.cpp
DEBUG:22:59:21.039307:: socket created successfully with socket id: [3]
#125:/home/adarsh/Documents/cpp_programs/SOKCET_PROG/src/func.cpp
DEBUG:22:59:21.044900:: connected to server ...
Recive Data i:[0]
Recive Data i:[1]
Recive Data i:[2]
Recive Data i:[3]
Recive Data i:[4]
Recive Data i:[5]
Recive Data i:[6]
Recive Data i:[7]
Recive Data i:[8]
Recive Data i:[9]
Recive Data i:[10]
Recive Data i:[11]
Recive Data i:[12]
Recive Data i:[13]
Recive Data i:[14]
Recive Data i:[15]
Recive Data i:[16]
Recive Data i:[17]
Recive Data i:[18]
Recive Data i:[19]
Recive Data i:[20]
Recive Data i:[21]
Recive Data i:[22]
Recive Data i:[23]
Recive Data i:[24]
Recive Data i:[25]
Recive Data i:[26]
Recive Data i:[27]
Recive Data i:[28]
Recive Data i:[29]
Recive Data i:[30]
Recive Data i:[31]
Recive Data i:[32]
Recive Data i:[33]
Recive Data i:[34]
Recive Data i:[35]
Recive Data i:[36]
Recive Data i:[37]
Recive Data i:[38]
Recive Data i:[39]
Recive Data i:[40]
Recive Data i:[41]
Recive Data i:[42]
Recive Data i:[43]
Recive Data i:[44]
Recive Data i:[45]
Recive Data i:[46]
Recive Data i:[47]
Recive Data i:[48]
Recive Data i:[49]
Recive Data i:[50]
Recive Data i:[51]
Recive Data i:[52]
Recive Data i:[53]
Recive Data i:[54]
Recive Data i:[55]
Recive Data i:[56]
Recive Data i:[57]
Recive Data i:[58]
Recive Data i:[59]
Recive Data i:[60]
Recive Data i:[61]
Recive Data i:[62]
Recive Data i:[63]
Recive Data i:[64]
Recive Data i:[65]
Recive Data i:[66]
Recive Data i:[67]
Recive Data i:[68]
Recive Data i:[69]
Recive Data i:[70]
Recive Data i:[71]
Recive Data i:[72]
Recive Data i:[73]
Recive Data i:[74]
Recive Data i:[75]
Recive Data i:[76]
Recive Data i:[77]
Recive Data i:[78]
Recive Data i:[79]
Recive Data i:[80]
Recive Data i:[81]
Recive Data i:[82]
Recive Data i:[83]
Recive Data i:[84]
Recive Data i:[85]
Recive Data i:[86]
Recive Data i:[87]
Recive Data i:[88]
Recive Data i:[89]
Recive Data i:[90]
Recive Data i:[91]
Recive Data i:[92]
Recive Data i:[93]
Recive Data i:[94]
Recive Data i:[95]
Recive Data i:[96]
Recive Data i:[97]
Recive Data i:[98]
Recive Data i:[99]
Recive Data i:[100]
Recive Data i:[101]
Recive Data i:[102]
Recive Data i:[103]
Recive Data i:[104]
Recive Data i:[105]
Recive Data i:[106]
Recive Data i:[107]
Recive Data i:[108]
Recive Data i:[109]
Recive Data i:[110]
Recive Data i:[111]
Recive Data i:[112]
Recive Data i:[113]
Recive Data i:[114]
Recive Data i:[115]
Recive Data i:[116]
Recive Data i:[117]
Recive Data i:[118]
Recive Data i:[119]
Recive Data i:[120]
Recive Data i:[121]
Recive Data i:[122]
Recive Data i:[123]
Recive Data i:[124]
Recive Data i:[125]
Recive Data i:[126]
Recive Data i:[127]
Recive Data i:[128]
Recive Data i:[129]
Recive Data i:[130]
Recive Data i:[131]
Recive Data i:[132]
Recive Data i:[133]
Recive Data i:[134]
Recive Data i:[135]
Recive Data i:[136]
Recive Data i:[137]
Recive Data i:[138]
Recive Data i:[139]
Recive Data i:[140]
Recive Data i:[141]
Recive Data i:[142]
Recive Data i:[143]
Recive Data i:[144]
Recive Data i:[145]
Recive Data i:[146]
Recive Data i:[147]
Recive Data i:[148]
Recive Data i:[149]
Recive Data i:[150]
Recive Data i:[151]
Recive Data i:[152]
Recive Data i:[153]
Recive Data i:[154]
Recive Data i:[155]
Recive Data i:[156]
Recive Data i:[157]
Recive Data i:[158]
Recive Data i:[159]
Recive Data i:[160]
Recive Data i:[161]
Recive Data i:[162]
Recive Data i:[163]
Recive Data i:[164]
Recive Data i:[165]
Recive Data i:[166]
Recive Data i:[167]
Recive Data i:[168]
Recive Data i:[169]
Recive Data i:[170]
Recive Data i:[171]
Recive Data i:[172]
Recive Data i:[173]
Recive Data i:[174]
Recive Data i:[175]
Recive Data i:[176]
Recive Data i:[177]
Recive Data i:[178]
Recive Data i:[179]
Recive Data i:[180]
Recive Data i:[181]
Recive Data i:[182]
Recive Data i:[183]
Recive Data i:[184]
Recive Data i:[185]
Recive Data i:[186]
Recive Data i:[187]
Recive Data i:[188]
Recive Data i:[189]
Recive Data i:[190]
Recive Data i:[191]
Recive Data i:[192]
Recive Data i:[193]
Recive Data i:[194]
Recive Data i:[195]
Recive Data i:[196]
Recive Data i:[197]
Recive Data i:[198]
Recive Data i:[199]
Recive Data i:[200]
Recive Data i:[201]
Recive Data i:[202]
Recive Data i:[203]
Recive Data i:[204]
Recive Data i:[205]
Recive Data i:[206]
Recive Data i:[207]
Recive Data i:[208]
Recive Data i:[209]
Recive Data i:[210]
Recive Data i:[211]
Recive Data i:[212]
Recive Data i:[213]
Recive Data i:[214]
Recive Data i:[215]
Recive Data i:[216]
Recive Data i:[217]
Recive Data i:[218]
Recive Data i:[219]
Recive Data i:[220]
Recive Data i:[221]
Recive Data i:[222]
Recive Data i:[223]
Recive Data i:[224]
Recive Data i:[225]
Recive Data i:[226]
Recive Data i:[227]
Recive Data i:[228]
Recive Data i:[229]
Recive Data i:[230]
Recive Data i:[231]
Recive Data i:[232]
Recive Data i:[233]
Recive Data i:[234]
Recive Data i:[235]
Recive Data i:[236]
Recive Data i:[237]
Recive Data i:[238]
Recive Data i:[239]
Recive Data i:[240]
Recive Data i:[241]
Recive Data i:[242]
Recive Data i:[243]
Recive Data i:[244]
Recive Data i:[245]
Recive Data i:[246]
Recive Data i:[247]
Recive Data i:[248]
Recive Data i:[249]
Recive Data i:[250]
Recive Data i:[251]
Recive Data i:[252]
Recive Data i:[253]
Recive Data i:[254]
Recive Data i:[255]
Recive Data i:[256]
Recive Data i:[257]
Recive Data i:[258]
Recive Data i:[259]
Recive Data i:[260]
Recive Data i:[261]
Recive Data i:[262]
Recive Data i:[263]
Recive Data i:[264]
Recive Data i:[265]
Recive Data i:[266]
Recive Data i:[267]
Recive Data i:[268]
Recive Data i:[269]
Recive Data i:[270]
Recive Data i:[271]
Recive Data i:[272]
Recive Data i:[273]
Recive Data i:[274]
Recive Data i:[275]
Recive Data i:[276]
Recive Data i:[277]
Recive Data i:[278]
Recive Data i:[279]
Recive Data i:[280]
Recive Data i:[281]
Recive Data i:[282]
Recive Data i:[283]
Recive Data i:[284]
Recive Data i:[285]
Recive Data i:[286]
Recive Data i:[287]
Recive Data i:[288]
Recive Data i:[289]
Recive Data i:[290]
Recive Data i:[291]
Recive Data i:[292]
Recive Data i:[293]
Recive Data i:[294]
Recive Data i:[295]
Recive Data i:[296]
Recive Data i:[297]
Recive Data i:[298]
Recive Data i:[299]
Recive Data i:[300]
Recive Data i:[301]
Recive Data i:[302]
Recive Data i:[303]
Recive Data i:[304]
Recive Data i:[305]
Recive Data i:[306]
Recive Data i:[307]
Recive Data i:[308]
Recive Data i:[309]
Recive Data i:[310]
Recive Data i:[311]
Recive Data i:[312]
Recive Data i:[313]
Recive Data i:[314]
Recive Data i:[315]
Recive Data i:[316]
Recive Data i:[317]
Recive Data i:[318]
Recive Data i:[319]
Recive Data i:[320]
Recive Data i:[321]
Recive Data i:[322]
Recive Data i:[323]
Recive Data i:[324]
Recive Data i:[325]
Recive Data i:[326]
Recive Data i:[327]
Recive Data i:[328]
Recive Data i:[329]
Recive Data i:[330]
Recive Data i:[331]
Recive Data i:[332]
Recive Data i:[333]
Recive Data i:[334]
Recive Data i:[335]
Recive Data i:[336]
Recive Data i:[337]
Recive Data i:[338]
Recive Data i:[339]
Recive Data i:[340]
Recive Data i:[341]
Recive Data i:[342]
Recive Data i:[343]
Recive Data i:[344]
Recive Data i:[345]
Recive Data i:[346]
Recive Data i:[347]
Recive Data i:[348]
Recive Data i:[349]
Recive Data i:[350]
Recive Data i:[351]
Recive Data i:[352]
Recive Data i:[353]
Recive Data i:[354]
Recive Data i:[355]
Recive Data i:[356]
Recive Data i:[357]
Recive Data i:[358]
Recive Data i:[359]
Recive Data i:[360]
Recive Data i:[361]
Recive Data i:[362]
Recive Data i:[363]
Recive Data i:[364]
Recive Data i:[365]
Recive Data i:[366]
Recive Data i:[367]
Recive Data i:[368]
Recive Data i:[369]
Recive Data i:[370]
Recive Data i:[371]
Recive Data i:[372]
Recive Data i:[373]
Recive Data i:[374]
Recive Data i:[375]
Recive Data i:[376]
Recive Data i:[377]
Recive Data i:[378]
Recive Data i:[379]
Recive Data i:[380]
Recive Data i:[381]
Recive Data i:[382]
Recive Data i:[383]
Recive Data i:[384]
Recive Data i:[385]
Recive Data i:[386]
Recive Data i:[387]
Recive Data i:[388]
Recive Data i:[389]
Recive Data i:[390]
Recive Data i:[391]
Recive Data i:[392]
Recive Data i:[393]
Recive Data i:[394]
Recive Data i:[395]
Recive Data i:[396]
Recive Data i:[397]
Recive Data i:[398]
Recive Data i:[399]
Recive Data i:[400]
Recive Data i:[401]
Recive Data i:[402]
Recive Data i:[403]
Recive Data i:[404]
Recive Data i:[405]
Recive Data i:[406]
Recive Data i:[407]
Recive Data i:[408]
Recive Data i:[409]
Recive Data i:[410]
Recive Data i:[411]
Recive Data i:[412]
Recive Data i:[413]
Recive Data i:[414]
Recive Data i:[415]
Recive Data i:[416]
Recive Data i:[417]
Recive Data i:[418]
Recive Data i:[419]
Recive Data i:[420]
Recive Data i:[421]
Recive Data i:[422]
Recive Data i:[423]
Recive Data i:[424]
Recive Data i:[425]
Recive Data i:[426]
Recive Data i:[427]
Recive Data i:[428]
Recive Data i:[429]
Recive Data i:[430]
Recive Data i:[431]
Recive Data i:[432]
Recive Data i:[433]
Recive Data i:[434]
Recive Data i:[435]
Recive Data i:[436]
Recive Data i:[437]
Recive Data i:[438]
Recive Data i:[439]
Recive Data i:[440]
Recive Data i:[441]
Recive Data i:[442]
Recive Data i:[443]
Recive Data i:[444]
Recive Data i:[445]
Recive Data i:[446]
Recive Data i:[447]
Recive Data i:[448]
Recive Data i:[449]
Recive Data i:[450]
Recive Data i:[451]
Recive Data i:[452]
Recive Data i:[453]
Recive Data i:[454]
Recive Data i:[455]
Recive Data i:[456]
Recive Data i:[457]
Recive Data i:[458]
Recive Data i:[459]
Recive Data i:[460]
Recive Data i:[461]
Recive Data i:[462]
Recive Data i:[463]
Recive Data i:[464]
Recive Data i:[465]
Recive Data i:[466]
Recive Data i:[467]
Recive Data i:[468]
Recive Data i:[469]
Recive Data i:[470]
Recive Data i:[471]
Recive Data i:[472]
Recive Data i:[473]
Recive Data i:[474]
Recive Data i:[475]
Recive Data i:[476]
Recive Data i:[477]
Recive Data i:[478]
Recive Data i:[479]
Recive Data i:[480]
Recive Data i:[481]
Recive Data i:[482]
Recive Data i:[483]
Recive Data i:[484]
Recive Data i:[485]
Recive Data i:[486]
Recive Data i:[487]
Recive Data i:[488]
Recive Data i:[489]
Recive Data i:[490]
Recive Data i:[491]
Recive Data i:[492]
Recive Data i:[493]
Recive Data i:[494]
Recive Data i:[495]
Recive Data i:[496]
Recive Data i:[497]
Recive Data i:[498]
Recive Data i:[499]
Recive Data i:[500]
Recive Data i:[501]
Recive Data i:[502]
Recive Data i:[503]
Recive Data i:[504]
Recive Data i:[505]
Recive Data i:[506]
Recive Data i:[507]
Recive Data i:[508]
Recive Data i:[509]
Recive Data i:[510]
Recive Data i:[511]
Recive Data i:[512]
Recive Data i:[513]
Recive Data i:[514]
Recive Data i:[515]
Recive Data i:[516]
Recive Data i:[517]
Recive Data i:[518]
Recive Data i:[519]
Recive Data i:[520]
Recive Data i:[521]
Recive Data i:[522]
Recive Data i:[523]
Recive Data i:[524]
Recive Data i:[525]
Recive Data i:[526]
Recive Data i:[527]
Recive Data i:[528]
Recive Data i:[529]
Recive Data i:[530]
Recive Data i:[531]
Recive Data i:[532]
Recive Data i:[533]
Recive Data i:[534]
Recive Data i:[535]
Recive Data i:[536]
Recive Data i:[537]
Recive Data i:[538]
Recive Data i:[539]
Recive Data i:[540]
Recive Data i:[541]
Recive Data i:[542]
Recive Data i:[543]
Recive Data i:[544]
Recive Data i:[545]
Recive Data i:[546]
Recive Data i:[547]
Recive Data i:[548]
Recive Data i:[549]
Recive Data i:[550]
Recive Data i:[551]
Recive Data i:[552]
Recive Data i:[553]
Recive Data i:[554]
Recive Data i:[555]
Recive Data i:[556]
Recive Data i:[557]
Recive Data i:[558]
Recive Data i:[559]
Recive Data i:[560]
Recive Data i:[561]
Recive Data i:[562]
Recive Data i:[563]
Recive Data i:[564]
Recive Data i:[565]
Recive Data i:[566]
Recive Data i:[567]
Recive Data i:[568]
Recive Data i:[569]
Recive Data i:[570]
Recive Data i:[571]
Recive Data i:[572]
Recive Data i:[573]
Recive Data i:[574]
Recive Data i:[575]
Recive Data i:[576]
Recive Data i:[577]
Recive Data i:[578]
Recive Data i:[579]
Recive Data i:[580]
Recive Data i:[581]
Recive Data i:[582]
Recive Data i:[583]
Recive Data i:[584]
Recive Data i:[585]
Recive Data i:[586]
Recive Data i:[587]
Recive Data i:[588]
Recive Data i:[589]
Recive Data i:[590]
Recive Data i:[591]
Recive Data i:[592]
Recive Data i:[593]
Recive Data i:[594]
Recive Data i:[595]
Recive Data i:[596]
Recive Data i:[597]
Recive Data i:[598]
Recive Data i:[599]
Recive Data i:[600]
Recive Data i:[601]
Recive Data i:[602]
Recive Data i:[603]
Recive Data i:[604]
Recive Data i:[605]
Recive Data i:[606]
Recive Data i:[607]
Recive Data i:[608]
Recive Data i:[609]
Recive Data i:[610]
Recive Data i:[611]
Recive Data i:[612]
Recive Data i:[613]
Recive Data i:[614]
Recive Data i:[615]
Recive Data i:[616]
Recive Data i:[617]
Recive Data i:[618]
Recive Data i:[619]
Recive Data i:[620]
Recive Data i:[621]
Recive Data i:[622]
Recive Data i:[623]
Recive Data i:[624]
Recive Data i:[625]
Recive Data i:[626]
Recive Data i:[627]
Recive Data i:[628]
Recive Data i:[629]
Recive Data i:[630]
Recive Data i:[631]
Recive Data i:[632]
Recive Data i:[633]
Recive Data i:[634]
Recive Data i:[635]
Recive Data i:[636]
Recive Data i:[637]
Recive Data i:[638]
Recive Data i:[639]
Recive Data i:[640]
Recive Data i:[641]
Recive Data i:[642]
Recive Data i:[643]
Recive Data i:[644]
Recive Data i:[645]
Recive Data i:[646]
Recive Data i:[647]
Recive Data i:[648]
Recive Data i:[649]
Recive Data i:[650]
Recive Data i:[651]
Recive Data i:[652]
Recive Data i:[653]
Recive Data i:[654]
Recive Data i:[655]
Recive Data i:[656]
Recive Data i:[657]
Recive Data i:[658]
Recive Data i:[659]
Recive Data i:[660]
Recive Data i:[661]
Recive Data i:[662]
Recive Data i:[663]
Recive Data i:[664]
Recive Data i:[665]
Recive Data i:[666]
Recive Data i:[667]
Recive Data i:[668]
Recive Data i:[669]
Recive Data i:[670]
Recive Data i:[671]
Recive Data i:[672]
Recive Data i:[673]
Recive Data i:[674]
Recive Data i:[675]
Recive Data i:[676]
Recive Data i:[677]
Recive Data i:[678]
Recive Data i:[679]
Recive Data i:[680]
Recive Data i:[681]
Recive Data i:[682]
Recive Data i:[683]
Recive Data i:[684]
Recive Data i:[685]
Recive Data i:[686]
Recive Data i:[687]
Recive Data i:[688]
Recive Data i:[689]
Recive Data i:[690]
Recive Data i:[691]
Recive Data i:[692]
Recive Data i:[693]
Recive Data i:[694]
Recive Data i:[695]
Recive Data i:[696]
Recive Data i:[697]
Recive Data i:[698]
Recive Data i:[699]
Recive Data i:[700]
Recive Data i:[701]
Recive Data i:[702]
Recive Data i:[703]
Recive Data i:[704]
Recive Data i:[705]
Recive Data i:[706]
Recive Data i:[707]
Recive Data i:[708]
Recive Data i:[709]
Recive Data i:[710]
Recive Data i:[711]
Recive Data i:[712]
Recive Data i:[713]
Recive Data i:[714]
Recive Data i:[715]
Recive Data i:[716]
Recive Data i:[717]
Recive Data i:[718]
Recive Data i:[719]
Recive Data i:[720]
Recive Data i:[721]
Recive Data i:[722]
Recive Data i:[723]
Recive Data i:[724]
Recive Data i:[725]
Recive Data i:[726]
Recive Data i:[727]
Recive Data i:[728]
Recive Data i:[729]
Recive Data i:[730]
Recive Data i:[731]
Recive Data i:[732]
Recive Data i:[733]
Recive Data i:[734]
Recive Data i:[735]
Recive Data i:[736]
Recive Data i:[737]
Recive Data i:[738]
Recive Data i:[739]
Recive Data i:[740]
Recive Data i:[741]
Recive Data i:[742]
Recive Data i:[743]
Recive Data i:[744]
Recive Data i:[745]
Recive Data i:[746]
Recive Data i:[747]
Recive Data i:[748]
Recive Data i:[749]
Recive Data i:[750]
Recive Data i:[751]
Recive Data i:[752]
Recive Data i:[753]
Recive Data i:[754]
Recive Data i:[755]
Recive Data i:[756]
Recive Data i:[757]
Recive Data i:[758]
Recive Data i:[759]
Recive Data i:[760]
Recive Data i:[761]
Recive Data i:[762]
Recive Data i:[763]
Recive Data i:[764]
Recive Data i:[765]
Recive Data i:[766]
Recive Data i:[767]
Recive Data i:[768]
Recive Data i:[769]
Recive Data i:[770]
Recive Data i:[771]
Recive Data i:[772]
Recive Data i:[773]
Recive Data i:[774]
Recive Data i:[775]
Recive Data i:[776]
Recive Data i:[777]
Recive Data i:[778]
Recive Data i:[779]
Recive Data i:[780]
Recive Data i:[781]
Recive Data i:[782]
Recive Data i:[783]
Recive Data i:[784]
Recive Data i:[785]
Recive Data i:[786]
Recive Data i:[787]
Recive Data i:[788]
Recive Data i:[789]
Recive Data i:[790]
Recive Data i:[791]
Recive Data i:[792]
Recive Data i:[793]
Recive Data i:[794]
Recive Data i:[795]
Recive Data i:[796]
Recive Data i:[797]
Recive Data i:[798]
Recive Data i:[799]
Recive Data i:[800]
Recive Data i:[801]
Recive Data i:[802]
Recive Data i:[803]
Recive Data i:[804]
Recive Data i:[805]
Recive Data i:[806]
Recive Data i:[807]
Recive Data i:[808]
Recive Data i:[809]
Recive Data i:[810]
Recive Data i:[811]
Recive Data i:[812]
Recive Data i:[813]
Recive Data i:[814]
Recive Data i:[815]
Recive Data i:[816]
Recive Data i:[817]
Recive Data i:[818]
Recive Data i:[819]
Recive Data i:[820]
Recive Data i:[821]
Recive Data i:[822]
Recive Data i:[823]
Recive Data i:[824]
Recive Data i:[825]
Recive Data i:[826]
Recive Data i:[827]
Recive Data i:[828]
Recive Data i:[829]
Recive Data i:[830]
Recive Data i:[831]
Recive Data i:[832]
Recive Data i:[833]
Recive Data i:[834]
Recive Data i:[835]
Recive Data i:[836]
Recive Data i:[837]
Recive Data i:[838]
Recive Data i:[839]
Recive Data i:[840]
Recive Data i:[841]
Recive Data i:[842]
Recive Data i:[843]
Recive Data i:[844]
Recive Data i:[845]
Recive Data i:[846]
Recive Data i:[847]
Recive Data i:[848]
Recive Data i:[849]
Recive Data i:[850]
Recive Data i:[851]
Recive Data i:[852]
Recive Data i:[853]
Recive Data i:[854]
Recive Data i:[855]
Recive Data i:[856]
Recive Data i:[857]
Recive Data i:[858]
Recive Data i:[859]
Recive Data i:[860]
Recive Data i:[861]
Recive Data i:[862]
Recive Data i:[863]
Recive Data i:[864]
Recive Data i:[865]
Recive Data i:[866]
Recive Data i:[867]
Recive Data i:[868]
Recive Data i:[869]
Recive Data i:[870]
Recive Data i:[871]
Recive Data i:[872]
Recive Data i:[873]
Recive Data i:[874]
Recive Data i:[875]
Recive Data i:[876]
Recive Data i:[877]
Recive Data i:[878]
Recive Data i:[879]
Recive Data i:[880]
Recive Data i:[881]
Recive Data i:[882]
Recive Data i:[883]
Recive Data i:[884]
Recive Data i:[885]
Recive Data i:[886]
Recive Data i:[887]
Recive Data i:[888]
Recive Data i:[889]
Recive Data i:[890]
Recive Data i:[891]
Recive Data i:[892]
Recive Data i:[893]
Recive Data i:[894]
Recive Data i:[895]
Recive Data i:[896]
Recive Data i:[897]
Recive Data i:[898]
Recive Data i:[899]
Recive Data i:[900]
Recive Data i:[901]
Recive Data i:[902]
Recive Data i:[903]
Recive Data i:[904]
Recive Data i:[905]
Recive Data i:[906]
Recive Data i:[907]
Recive Data i:[908]
Recive Data i:[909]
Recive Data i:[910]
Recive Data i:[911]
Recive Data i:[912]
Recive Data i:[913]
Recive Data i:[914]
Recive Data i:[915]
Recive Data i:[916]
Recive Data i:[917]
Recive Data i:[918]
Recive Data i:[919]
Recive Data i:[920]
Recive Data i:[921]
Recive Data i:[922]
Recive Data i:[923]
Recive Data i:[924]
Recive Data i:[925]
Recive Data i:[926]
Recive Data i:[927]
Recive Data i:[928]
Recive Data i:[929]
Recive Data i:[930]
Recive Data i:[931]
Recive Data i:[932]
Recive Data i:[933]
Recive Data i:[934]
Recive Data i:[935]
Recive Data i:[936]
Recive Data i:[937]
Recive Data i:[938]
Recive Data i:[939]
Recive Data i:[940]
Recive Data i:[941]
Recive Data i:[942]
Recive Data i:[943]
Recive Data i:[944]
Recive Data i:[945]
Recive Data i:[946]
Recive Data i:[947]
Recive Data i:[948]
Recive Data i:[949]
Recive Data i:[950]
Recive Data i:[951]
Recive Data i:[952]
Recive Data i:[953]
Recive Data i:[954]
Recive Data i:[955]
Recive Data i:[956]
Recive Data i:[957]
Recive Data i:[958]
Recive Data i:[959]
Recive Data i:[960]
Recive Data i:[961]
Recive Data i:[962]
Recive Data i:[963]
Recive Data i:[964]
Recive Data i:[965]
Recive Data i:[966]
Recive Data i:[967]
Recive Data i:[968]
Recive Data i:[969]
Recive Data i:[970]
Recive Data i:[971]
Recive Data i:[972]
Recive Data i:[973]
Recive Data i:[974]
Recive Data i:[975]
Recive Data i:[976]
Recive Data i:[977]
Recive Data i:[978]
Recive Data i:[979]
Recive Data i:[980]
Recive Data i:[981]
Recive Data i:[982]
Recive Data i:[983]
Recive Data i:[984]
Recive Data i:[985]
Recive Data i:[986]
Recive Data i:[987]
Recive Data i:[988]
Recive Data i:[989]
Recive Data i:[990]
Recive Data i:[991]
Recive Data i:[992]
Recive Data i:[993]
Recive Data i:[994]
Recive Data i:[995]
Recive Data i:[996]
Recive Data i:[997]
Recive Data i:[998]
Recive Data i:[999]
All data recived
Process completed it work