
#37:/home/adarsh/Documents/cpp_programs/SOKCET_PROG/src/func.cpp
DEBUG:22:59:21.032712:: socket created successfully with socket id: [3]
#46:/home/adarsh/Documents/cpp_programs/SOKCET_PROG/src/func.cpp
DEBUG:22:59:21.037298:: socket option set successfully
#60:/home/adarsh/Documents/cpp_programs/SOKCET_PROG/src/func.cpp
DEBUG:22:59:21.037313:: socket bind successfully
#69:/home/adarsh/Documents/cpp_programs/SOKCET_PROG/src/func.cpp
DEBUG:22:59:21.037320:: socket listing ...
#78:/home/adarsh/Documents/cpp_programs/SOKCET_PROG/src/func.cpp
DEBUG:22:59:21.039487:: Client is connected with socket id [4]
Sending i:[0]
Sending i:[1]
Sending i:[2]
Sending i:[3]
Sending i:[4]
Sending i:[5]
Sending i:[6]
Sending i:[7]
Sending i:[8]
Sending i:[9]
Sending i:[10]
Sending i:[11]
Sending i:[12]
Sending i:[13]
Sending i:[14]
Sending i:[15]
Sending i:[16]
Sending i:[17]
Sending i:[18]
Sending i:[19]
Sending i:[20]
Sending i:[21]
Sending i:[22]
Sending i:[23]
Sending i:[24]
Sending i:[25]
Sending i:[26]
Sending i:[27]
Sending i:[28]
Sending i:[29]
Sending i:[30]
Sending i:[31]
Sending i:[32]
Sending i:[33]
Sending i:[34]
Sending i:[35]
Sending i:[36]
Sending i:[37]
Sending i:[38]
Sending i:[39]
Sending i:[40]
Sending i:[41]
Sending i:[42]
Sending i:[43]
Sending i:[44]
Sending i:[45]
Sending i:[46]
Sending i:[47]
Sending i:[48]
Sending i:[49]
Sending i:[50]
Sending i:[51]
Sending i:[52]
Sending i:[53]
Sending i:[54]
Sending i:[55]
Sending i:[56]
Sending i:[57]
Sending i:[58]
Sending i:[59]
Sending i:[60]
Sending i:[61]
Sending i:[62]
Sending i:[63]
Sending i:[64]
Sending i:[65]
Sending i:[66]
Sending i:[67]
Sending i:[68]
Sending i:[69]
Sending i:[70]
Sending i:[71]
Sending i:[72]
Sending i:[73]
Sending i:[74]
Sending i:[75]
Sending i:[76]
Sending i:[77]
Sending i:[78]
Sending i:[79]
Sending i:[80]
Sending i:[81]
Sending i:[82]
Sending i:[83]
Sending i:[84]
Sending i:[85]
Sending i:[86]
Sending i:[87]
Sending i:[88]
Sending i:[89]
Sending i:[90]
Sending i:[91]
Sending i:[92]
Sending i:[93]
Sending i:[94]
Sending i:[95]
Sending i:[96]
Sending i:[97]
Sending i:[98]
Sending i:[99]
Sending i:[100]
Sending i:[101]
Sending i:[102]
Sending i:[103]
Sending i:[104]
Sending i:[105]
Sending i:[106]
Sending i:[107]
Sending i:[108]
Sending i:[109]
Sending i:[110]
Sending i:[111]
Sending i:[112]
Sending i:[113]
Sending i:[114]
Sending i:[115]
Sending i:[116]
Sending i:[117]
Sending i:[118]
Sending i:[119]
Sending i:[120]
Sending i:[121]
Sending i:[122]
Sending i:[123]
Sending i:[124]
Sending i:[125]
Sending i:[126]
Sending i:[127]
Sending i:[128]
Sending i:[129]
Sending i:[130]
Sending i:[131]
Sending i:[132]
Sending i:[133]
Sending i:[134]
Sending i:[135]
Sending i:[136]
Sending i:[137]
Sending i:[138]
Sending i:[139]
Sending i:[140]
Sending i:[141]
Sending i:[142]
Sending i:[143]
Sending i:[144]
Sending i:[145]
Sending i:[146]
Sending i:[147]
Sending i:[148]
Sending i:[149]
Sending i:[150]
Sending i:[151]
Sending i:[152]
Sending i:[153]
Sending i:[154]
Sending i:[155]
Sending i:[156]
Sending i:[157]
Sending i:[158]
Sending i:[159]
Sending i:[160]
Sending i:[161]
Sending i:[162]
Sending i:[163]
Sending i:[164]
Sending i:[165]
Sending i:[166]
Sending i:[167]
Sending i:[168]
Sending i:[169]
Sending i:[170]
Sending i:[171]
Sending i:[172]
Sending i:[173]
Sending i:[174]
Sending i:[175]
Sending i:[176]
Sending i:[177]
Sending i:[178]
Sending i:[179]
Sending i:[180]
Sending i:[181]
Sending i:[182]
Sending i:[183]
Sending i:[184]
Sending i:[185]
Sending i:[186]
Sending i:[187]
Sending i:[188]
Sending i:[189]
Sending i:[190]
Sending i:[191]
Sending i:[192]
Sending i:[193]
Sending i:[194]
Sending i:[195]
Sending i:[196]
Sending i:[197]
Sending i:[198]
Sending i:[199]
Sending i:[200]
Sending i:[201]
Sending i:[202]
Sending i:[203]
Sending i:[204]
Sending i:[205]
Sending i:[206]
Sending i:[207]
Sending i:[208]
Sending i:[209]
Sending i:[210]
Sending i:[211]
Sending i:[212]
Sending i:[213]
Sending i:[214]
Sending i:[215]
Sending i:[216]
Sending i:[217]
Sending i:[218]
Sending i:[219]
Sending i:[220]
Sending i:[221]
Sending i:[222]
Sending i:[223]
Sending i:[224]
Sending i:[225]
Sending i:[226]
Sending i:[227]
Sending i:[228]
Sending i:[229]
Sending i:[230]
Sending i:[231]
Sending i:[232]
Sending i:[233]
Sending i:[234]
Sending i:[235]
Sending i:[236]
Sending i:[237]
Sending i:[238]
Sending i:[239]
Sending i:[240]
Sending i:[241]
Sending i:[242]
Sending i:[243]
Sending i:[244]
Sending i:[245]
Sending i:[246]
Sending i:[247]
Sending i:[248]
Sending i:[249]
Sending i:[250]
Sending i:[251]
Sending i:[252]
Sending i:[253]
Sending i:[254]
Sending i:[255]
Sending i:[256]
Sending i:[257]
Sending i:[258]
Sending i:[259]
Sending i:[260]
Sending i:[261]
Sending i:[262]
Sending i:[263]
Sending i:[264]
Sending i:[265]
Sending i:[266]
Sending i:[267]
Sending i:[268]
Sending i:[269]
Sending i:[270]
Sending i:[271]
Sending i:[272]
Sending i:[273]
Sending i:[274]
Sending i:[275]
Sending i:[276]
Sending i:[277]
Sending i:[278]
Sending i:[279]
Sending i:[280]
Sending i:[281]
Sending i:[282]
Sending i:[283]
Sending i:[284]
Sending i:[285]
Sending i:[286]
Sending i:[287]
Sending i:[288]
Sending i:[289]
Sending i:[290]
Sending i:[291]
Sending i:[292]
Sending i:[293]
Sending i:[294]
Sending i:[295]
Sending i:[296]
Sending i:[297]
Sending i:[298]
Sending i:[299]
Sending i:[300]
Sending i:[301]
Sending i:[302]
Sending i:[303]
Sending i:[304]
Sending i:[305]
Sending i:[306]
Sending i:[307]
Sending i:[308]
Sending i:[309]
Sending i:[310]
Sending i:[311]
Sending i:[312]
Sending i:[313]
Sending i:[314]
Sending i:[315]
Sending i:[316]
Sending i:[317]
Sending i:[318]
Sending i:[319]
Sending i:[320]
Sending i:[321]
Sending i:[322]
Sending i:[323]
Sending i:[324]
Sending i:[325]
Sending i:[326]
Sending i:[327]
Sending i:[328]
Sending i:[329]
Sending i:[330]
Sending i:[331]
Sending i:[332]
Sending i:[333]
Sending i:[334]
Sending i:[335]
Sending i:[336]
Sending i:[337]
Sending i:[338]
Sending i:[339]
Sending i:[340]
Sending i:[341]
Sending i:[342]
Sending i:[343]
Sending i:[344]
Sending i:[345]
Sending i:[346]
Sending i:[347]
Sending i:[348]
Sending i:[349]
Sending i:[350]
Sending i:[351]
Sending i:[352]
Sending i:[353]
Sending i:[354]
Sending i:[355]
Sending i:[356]
Sending i:[357]
Sending i:[358]
Sending i:[359]
Sending i:[360]
Sending i:[361]
Sending i:[362]
Sending i:[363]
Sending i:[364]
Sending i:[365]
Sending i:[366]
Sending i:[367]
Sending i:[368]
Sending i:[369]
Sending i:[370]
Sending i:[371]
Sending i:[372]
Sending i:[373]
Sending i:[374]
Sending i:[375]
Sending i:[376]
Sending i:[377]
Sending i:[378]
Sending i:[379]
Sending i:[380]
Sending i:[381]
Sending i:[382]
Sending i:[383]
Sending i:[384]
Sending i:[385]
Sending i:[386]
Sending i:[387]
Sending i:[388]
Sending i:[389]
Sending i:[390]
Sending i:[391]
Sending i:[392]
Sending i:[393]
Sending i:[394]
Sending i:[395]
Sending i:[396]
Sending i:[397]
Sending i:[398]
Sending i:[399]
Sending i:[400]
Sending i:[401]
Sending i:[402]
Sending i:[403]
Sending i:[404]
Sending i:[405]
Sending i:[406]
Sending i:[407]
Sending i:[408]
Sending i:[409]
Sending i:[410]
Sending i:[411]
Sending i:[412]
Sending i:[413]
Sending i:[414]
Sending i:[415]
Sending i:[416]
Sending i:[417]
Sending i:[418]
Sending i:[419]
Sending i:[420]
Sending i:[421]
Sending i:[422]
Sending i:[423]
Sending i:[424]
Sending i:[425]
Sending i:[426]
Sending i:[427]
Sending i:[428]
Sending i:[429]
Sending i:[430]
Sending i:[431]
Sending i:[432]
Sending i:[433]
Sending i:[434]
Sending i:[435]
Sending i:[436]
Sending i:[437]
Sending i:[438]
Sending i:[439]
Sending i:[440]
Sending i:[441]
Sending i:[442]
Sending i:[443]
Sending i:[444]
Sending i:[445]
Sending i:[446]
Sending i:[447]
Sending i:[448]
Sending i:[449]
Sending i:[450]
Sending i:[451]
Sending i:[452]
Sending i:[453]
Sending i:[454]
Sending i:[455]
Sending i:[456]
Sending i:[457]
Sending i:[458]
Sending i:[459]
Sending i:[460]
Sending i:[461]
Sending i:[462]
Sending i:[463]
Sending i:[464]
Sending i:[465]
Sending i:[466]
Sending i:[467]
Sending i:[468]
Sending i:[469]
Sending i:[470]
Sending i:[471]
Sending i:[472]
Sending i:[473]
Sending i:[474]
Sending i:[475]
Sending i:[476]
Sending i:[477]
Sending i:[478]
Sending i:[479]
Sending i:[480]
Sending i:[481]
Sending i:[482]
Sending i:[483]
Sending i:[484]
Sending i:[485]
Sending i:[486]
Sending i:[487]
Sending i:[488]
Sending i:[489]
Sending i:[490]
Sending i:[491]
Sending i:[492]
Sending i:[493]
Sending i:[494]
Sending i:[495]
Sending i:[496]
Sending i:[497]
Sending i:[498]
Sending i:[499]
Sending i:[500]
Sending i:[501]
Sending i:[502]
Sending i:[503]
Sending i:[504]
Sending i:[505]
Sending i:[506]
Sending i:[507]
Sending i:[508]
Sending i:[509]
Sending i:[510]
Sending i:[511]
Sending i:[512]
Sending i:[513]
Sending i:[514]
Sending i:[515]
Sending i:[516]
Sending i:[517]
Sending i:[518]
Sending i:[519]
Sending i:[520]
Sending i:[521]
Sending i:[522]
Sending i:[523]
Sending i:[524]
Sending i:[525]
Sending i:[526]
Sending i:[527]
Sending i:[528]
Sending i:[529]
Sending i:[530]
Sending i:[531]
Sending i:[532]
Sending i:[533]
Sending i:[534]
Sending i:[535]
Sending i:[536]
Sending i:[537]
Sending i:[538]
Sending i:[539]
Sending i:[540]
Sending i:[541]
Sending i:[542]
Sending i:[543]
Sending i:[544]
Sending i:[545]
Sending i:[546]
Sending i:[547]
Sending i:[548]
Sending i:[549]
Sending i:[550]
Sending i:[551]
Sending i:[552]
Sending i:[553]
Sending i:[554]
Sending i:[555]
Sending i:[556]
Sending i:[557]
Sending i:[558]
Sending i:[559]
Sending i:[560]
Sending i:[561]
Sending i:[562]
Sending i:[563]
Sending i:[564]
Sending i:[565]
Sending i:[566]
Sending i:[567]
Sending i:[568]
Sending i:[569]
Sending i:[570]
Sending i:[571]
Sending i:[572]
Sending i:[573]
Sending i:[574]
Sending i:[575]
Sending i:[576]
Sending i:[577]
Sending i:[578]
Sending i:[579]
Sending i:[580]
Sending i:[581]
Sending i:[582]
Sending i:[583]
Sending i:[584]
Sending i:[585]
Sending i:[586]
Sending i:[587]
Sending i:[588]
Sending i:[589]
Sending i:[590]
Sending i:[591]
Sending i:[592]
Sending i:[593]
Sending i:[594]
Sending i:[595]
Sending i:[596]
Sending i:[597]
Sending i:[598]
Sending i:[599]
Sending i:[600]
Sending i:[601]
Sending i:[602]
Sending i:[603]
Sending i:[604]
Sending i:[605]
Sending i:[606]
Sending i:[607]
Sending i:[608]
Sending i:[609]
Sending i:[610]
Sending i:[611]
Sending i:[612]
Sending i:[613]
Sending i:[614]
Sending i:[615]
Sending i:[616]
Sending i:[617]
Sending i:[618]
Sending i:[619]
Sending i:[620]
Sending i:[621]
Sending i:[622]
Sending i:[623]
Sending i:[624]
Sending i:[625]
Sending i:[626]
Sending i:[627]
Sending i:[628]
Sending i:[629]
Sending i:[630]
Sending i:[631]
Sending i:[632]
Sending i:[633]
Sending i:[634]
Sending i:[635]
Sending i:[636]
Sending i:[637]
Sending i:[638]
Sending i:[639]
Sending i:[640]
Sending i:[641]
Sending i:[642]
Sending i:[643]
Sending i:[644]
Sending i:[645]
Sending i:[646]
Sending i:[647]
Sending i:[648]
Sending i:[649]
Sending i:[650]
Sending i:[651]
Sending i:[652]
Sending i:[653]
Sending i:[654]
Sending i:[655]
Sending i:[656]
Sending i:[657]
Sending i:[658]
Sending i:[659]
Sending i:[660]
Sending i:[661]
Sending i:[662]
Sending i:[663]
Sending i:[664]
Sending i:[665]
Sending i:[666]
Sending i:[667]
Sending i:[668]
Sending i:[669]
Sending i:[670]
Sending i:[671]
Sending i:[672]
Sending i:[673]
Sending i:[674]
Sending i:[675]
Sending i:[676]
Sending i:[677]
Sending i:[678]
Sending i:[679]
Sending i:[680]
Sending i:[681]
Sending i:[682]
Sending i:[683]
Sending i:[684]
Sending i:[685]
Sending i:[686]
Sending i:[687]
Sending i:[688]
Sending i:[689]
Sending i:[690]
Sending i:[691]
Sending i:[692]
Sending i:[693]
Sending i:[694]
Sending i:[695]
Sending i:[696]
Sending i:[697]
Sending i:[698]
Sending i:[699]
Sending i:[700]
Sending i:[701]
Sending i:[702]
Sending i:[703]
Sending i:[704]
Sending i:[705]
Sending i:[706]
Sending i:[707]
Sending i:[708]
Sending i:[709]
Sending i:[710]
Sending i:[711]
Sending i:[712]
Sending i:[713]
Sending i:[714]
Sending i:[715]
Sending i:[716]
Sending i:[717]
Sending i:[718]
Sending i:[719]
Sending i:[720]
Sending i:[721]
Sending i:[722]
Sending i:[723]
Sending i:[724]
Sending i:[725]
Sending i:[726]
Sending i:[727]
Sending i:[728]
Sending i:[729]
Sending i:[730]
Sending i:[731]
Sending i:[732]
Sending i:[733]
Sending i:[734]
Sending i:[735]
Sending i:[736]
Sending i:[737]
Sending i:[738]
Sending i:[739]
Sending i:[740]
Sending i:[741]
Sending i:[742]
Sending i:[743]
Sending i:[744]
Sending i:[745]
Sending i:[746]
Sending i:[747]
Sending i:[748]
Sending i:[749]
Sending i:[750]
Sending i:[751]
Sending i:[752]
Sending i:[753]
Sending i:[754]
Sending i:[755]
Sending i:[756]
Sending i:[757]
Sending i:[758]
Sending i:[759]
Sending i:[760]
Sending i:[761]
Sending i:[762]
Sending i:[763]
Sending i:[764]
Sending i:[765]
Sending i:[766]
Sending i:[767]
Sending i:[768]
Sending i:[769]
Sending i:[770]
Sending i:[771]
Sending i:[772]
Sending i:[773]
Sending i:[774]
Sending i:[775]
Sending i:[776]
Sending i:[777]
Sending i:[778]
Sending i:[779]
Sending i:[780]
Sending i:[781]
Sending i:[782]
Sending i:[783]
Sending i:[784]
Sending i:[785]
Sending i:[786]
Sending i:[787]
Sending i:[788]
Sending i:[789]
Sending i:[790]
Sending i:[791]
Sending i:[792]
Sending i:[793]
Sending i:[794]
Sending i:[795]
Sending i:[796]
Sending i:[797]
Sending i:[798]
Sending i:[799]
Sending i:[800]
Sending i:[801]
Sending i:[802]
Sending i:[803]
Sending i:[804]
Sending i:[805]
Sending i:[806]
Sending i:[807]
Sending i:[808]
Sending i:[809]
Sending i:[810]
Sending i:[811]
Sending i:[812]
Sending i:[813]
Sending i:[814]
Sending i:[815]
Sending i:[816]
Sending i:[817]
Sending i:[818]
Sending i:[819]
Sending i:[820]
Sending i:[821]
Sending i:[822]
Sending i:[823]
Sending i:[824]
Sending i:[825]
Sending i:[826]
Sending i:[827]
Sending i:[828]
Sending i:[829]
Sending i:[830]
Sending i:[831]
Sending i:[832]
Sending i:[833]
Sending i:[834]
Sending i:[835]
Sending i:[836]
Sending i:[837]
Sending i:[838]
Sending i:[839]
Sending i:[840]
Sending i:[841]
Sending i:[842]
Sending i:[843]
Sending i:[844]
Sending i:[845]
Sending i:[846]
Sending i:[847]
Sending i:[848]
Sending i:[849]
Sending i:[850]
Sending i:[851]
Sending i:[852]
Sending i:[853]
Sending i:[854]
Sending i:[855]
Sending i:[856]
Sending i:[857]
Sending i:[858]
Sending i:[859]
Sending i:[860]
Sending i:[861]
Sending i:[862]
Sending i:[863]
Sending i:[864]
Sending i:[865]
Sending i:[866]
Sending i:[867]
Sending i:[868]
Sending i:[869]
Sending i:[870]
Sending i:[871]
Sending i:[872]
Sending i:[873]
Sending i:[874]
Sending i:[875]
Sending i:[876]
Sending i:[877]
Sending i:[878]
Sending i:[879]
Sending i:[880]
Sending i:[881]
Sending i:[882]
Sending i:[883]
Sending i:[884]
Sending i:[885]
Sending i:[886]
Sending i:[887]
Sending i:[888]
Sending i:[889]
Sending i:[890]
Sending i:[891]
Sending i:[892]
Sending i:[893]
Sending i:[894]
Sending i:[895]
Sending i:[896]
Sending i:[897]
Sending i:[898]
Sending i:[899]
Sending i:[900]
Sending i:[901]
Sending i:[902]
Sending i:[903]
Sending i:[904]
Sending i:[905]
Sending i:[906]
Sending i:[907]
Sending i:[908]
Sending i:[909]
Sending i:[910]
Sending i:[911]
Sending i:[912]
Sending i:[913]
Sending i:[914]
Sending i:[915]
Sending i:[916]
Sending i:[917]
Sending i:[918]
Sending i:[919]
Sending i:[920]
Sending i:[921]
Sending i:[922]
Sending i:[923]
Sending i:[924]
Sending i:[925]
Sending i:[926]
Sending i:[927]
Sending i:[928]
Sending i:[929]
Sending i:[930]
Sending i:[931]
Sending i:[932]
Sending i:[933]
Sending i:[934]
Sending i:[935]
Sending i:[936]
Sending i:[937]
Sending i:[938]
Sending i:[939]
Sending i:[940]
Sending i:[941]
Sending i:[942]
Sending i:[943]
Sending i:[944]
Sending i:[945]
Sending i:[946]
Sending i:[947]
Sending i:[948]
Sending i:[949]
Sending i:[950]
Sending i:[951]
Sending i:[952]
Sending i:[953]
Sending i:[954]
Sending i:[955]
Sending i:[956]
Sending i:[957]
Sending i:[958]
Sending i:[959]
Sending i:[960]
Sending i:[961]
Sending i:[962]
Sending i:[963]
Sending i:[964]
Sending i:[965]
Sending i:[966]
Sending i:[967]
Sending i:[968]
Sending i:[969]
Sending i:[970]
Sending i:[971]
Sending i:[972]
Sending i:[973]
Sending i:[974]
Sending i:[975]
Sending i:[976]
Sending i:[977]
Sending i:[978]
Sending i:[979]
Sending i:[980]
Sending i:[981]
Sending i:[982]
Sending i:[983]
Sending i:[984]
Sending i:[985]
Sending i:[986]
Sending i:[987]
Sending i:[988]
Sending i:[989]
Sending i:[990]
Sending i:[991]
Sending i:[992]
Sending i:[993]
Sending i:[994]
Sending i:[995]
Sending i:[996]
Sending i:[997]
Sending i:[998]
Sending i:[999]
All data sent
Process completed it work